2024-10-15 13:55:12 [background-preinit] INFO  o.h.v.i.u.Version                                  - HV000001: Hibernate Validator 8.0.1.Final 
2024-10-15 13:55:12 [restartedMain] INFO  c.c.Application                                    - Starting Application using Java 17.0.12 with PID 1503 (/Users/lucas/Downloads/Backend/target/classes started by lucas in /Users/lucas/Downloads/Backend) 
2024-10-15 13:55:12 [restartedMain] INFO  c.c.Application                                    - The following 1 profile is active: "dev" 
2024-10-15 13:55:12 [restartedMain] INFO  o.s.b.d.e.DevToolsPropertyDefaultsPostProcessor    - Devtools property defaults active! Set 'spring.devtools.add-properties' to 'false' to disable 
2024-10-15 13:55:12 [restartedMain] INFO  o.s.b.d.e.DevToolsPropertyDefaultsPostProcessor    - For additional web related logging consider setting the 'logging.level.web' property to 'DEBUG' 
2024-10-15 13:55:12 [restartedMain] INFO  o.s.d.r.c.RepositoryConfigurationDelegate          - Bootstrapping Spring Data JPA repositories in DEFAULT mode. 
2024-10-15 13:55:12 [restartedMain] INFO  o.s.d.r.c.RepositoryConfigurationDelegate          - Finished Spring Data repository scanning in 28 ms. Found 4 JPA repository interfaces. 
2024-10-15 13:55:13 [restartedMain] INFO  o.s.b.w.e.t.TomcatWebServer                        - Tomcat initialized with port(s): 8080 (http) 
2024-10-15 13:55:13 [restartedMain] INFO  o.a.c.h.Http11NioProtocol                          - Initializing ProtocolHandler ["http-nio-8080"] 
2024-10-15 13:55:13 [restartedMain] INFO  o.a.c.c.StandardService                            - Starting service [Tomcat] 
2024-10-15 13:55:13 [restartedMain] INFO  o.a.c.c.StandardEngine                             - Starting Servlet engine: [Apache Tomcat/10.1.13] 
2024-10-15 13:55:13 [restartedMain] INFO  o.a.c.c.C.[.[.[/]                                  - Initializing Spring embedded WebApplicationContext 
2024-10-15 13:55:13 [restartedMain] INFO  o.s.b.w.s.c.ServletWebServerApplicationContext     - Root WebApplicationContext: initialization completed in 642 ms 
2024-10-15 13:55:13 [restartedMain] INFO  c.z.h.HikariDataSource                             - HikariPool-1 - Starting... 
2024-10-15 13:55:13 [restartedMain] INFO  c.z.h.p.HikariPool                                 - HikariPool-1 - Added connection com.mysql.cj.jdbc.ConnectionImpl@66b0c7e 
2024-10-15 13:55:13 [restartedMain] INFO  c.z.h.HikariDataSource                             - HikariPool-1 - Start completed. 
2024-10-15 13:55:13 [restartedMain] INFO  o.h.j.i.u.LogHelper                                - HHH000204: Processing PersistenceUnitInfo [name: default] 
2024-10-15 13:55:13 [restartedMain] INFO  o.h.Version                                        - HHH000412: Hibernate ORM core version 6.2.9.Final 
2024-10-15 13:55:13 [restartedMain] INFO  o.h.c.Environment                                  - HHH000406: Using bytecode reflection optimizer 
2024-10-15 13:55:13 [restartedMain] INFO  o.h.b.i.BytecodeProviderInitiator                  - HHH000021: Bytecode provider name : bytebuddy 
2024-10-15 13:55:13 [restartedMain] INFO  o.s.o.j.p.SpringPersistenceUnitInfo                - No LoadTimeWeaver setup: ignoring JPA class transformer 
2024-10-15 13:55:13 [restartedMain] INFO  o.h.b.i.BytecodeProviderInitiator                  - HHH000021: Bytecode provider name : bytebuddy 
2024-10-15 13:55:13 [restartedMain] INFO  o.h.e.t.j.p.i.JtaPlatformInitiator                 - HHH000490: Using JtaPlatform implementation: [org.hibernate.engine.transaction.jta.platform.internal.NoJtaPlatform] 
2024-10-15 13:55:13 [restartedMain] INFO  o.s.o.j.LocalContainerEntityManagerFactoryBean     - Initialized JPA EntityManagerFactory for persistence unit 'default' 
2024-10-15 13:55:13 [restartedMain] INFO  o.s.d.j.r.q.QueryEnhancerFactory                   - Hibernate is in classpath; If applicable, HQL parser will be used. 
2024-10-15 13:55:14 [restartedMain] WARN  o.s.b.a.o.j.JpaBaseConfiguration$JpaWebConfiguration - spring.jpa.open-in-view is enabled by default. Therefore, database queries may be performed during view rendering. Explicitly configure spring.jpa.open-in-view to disable this warning 
2024-10-15 13:55:14 [restartedMain] INFO  o.s.s.w.DefaultSecurityFilterChain                 - Will secure any request with [org.springframework.security.web.session.DisableEncodeUrlFilter@55b05fc5, org.springframework.security.web.context.request.async.WebAsyncManagerIntegrationFilter@7bb84236, org.springframework.security.web.context.SecurityContextHolderFilter@43527eb4, org.springframework.security.web.header.HeaderWriterFilter@7fa880c3, org.springframework.web.filter.CorsFilter@a45c8d, org.springframework.security.web.authentication.logout.LogoutFilter@2ecb31a6, com.company.config.security.JWTAuthorizationFilter@2d670da2, org.springframework.security.web.authentication.www.BasicAuthenticationFilter@42ad9174, org.springframework.security.web.savedrequest.RequestCacheAwareFilter@33c9e7bb, org.springframework.security.web.servletapi.SecurityContextHolderAwareRequestFilter@6ee698b7, org.springframework.security.web.authentication.AnonymousAuthenticationFilter@4a54600c, org.springframework.security.web.access.ExceptionTranslationFilter@7e18875e, org.springframework.security.web.access.intercept.AuthorizationFilter@443c6e09] 
2024-10-15 13:55:14 [restartedMain] INFO  o.s.b.d.a.OptionalLiveReloadServer                 - LiveReload server is running on port 35729 
2024-10-15 13:55:14 [restartedMain] INFO  o.a.c.h.Http11NioProtocol                          - Starting ProtocolHandler ["http-nio-8080"] 
2024-10-15 13:55:14 [restartedMain] INFO  o.s.b.w.e.t.TomcatWebServer                        - Tomcat started on port(s): 8080 (http) with context path '' 
2024-10-15 13:55:14 [restartedMain] INFO  c.c.Application                                    - Started Application in 2.413 seconds (process running for 2.772) 
2024-10-15 13:59:23 [http-nio-8080-exec-2] INFO  o.a.c.c.C.[.[.[/]                                  - Initializing Spring DispatcherServlet 'dispatcherServlet' 
2024-10-15 13:59:23 [http-nio-8080-exec-2] INFO  o.s.w.s.DispatcherServlet                          - Initializing Servlet 'dispatcherServlet' 
2024-10-15 13:59:23 [http-nio-8080-exec-2] INFO  o.s.w.s.DispatcherServlet                          - Completed initialization in 0 ms 
2024-10-15 13:59:23 [http-nio-8080-exec-2] DEBUG o.h.SQL                                            - 
    select
        a1_0.id 
    from
        `Account` a1_0 
    where
        a1_0.email=? limit ? 
2024-10-15 13:59:23 [http-nio-8080-exec-2] DEBUG o.h.SQL                                            - 
    select
        a1_0.id 
    from
        `Account` a1_0 
    where
        a1_0.username=? limit ? 
2024-10-15 13:59:23 [http-nio-8080-exec-2] DEBUG o.h.SQL                                            - 
    select
        a1_0.id 
    from
        `Account` a1_0 
    where
        a1_0.email=? limit ? 
2024-10-15 13:59:23 [http-nio-8080-exec-2] DEBUG o.h.SQL                                            - 
    select
        a1_0.id 
    from
        `Account` a1_0 
    where
        a1_0.username=? limit ? 
2024-10-15 13:59:23 [http-nio-8080-exec-2] DEBUG o.h.SQL                                            - 
    insert 
    into
        `
        Account` (
            created_date_time,creator_id,department_id,email,firstname,last_change_password_date_time,lastname,modifier_id,`password`,`role`,`status`,updated_date_time,username
        ) 
    values
        (?,?,?,?,?,?,?,?,?,?,?,?,?) 
2024-10-15 13:59:23 [http-nio-8080-exec-2] DEBUG o.h.SQL                                            - 
    select
        a1_0.id,
        a1_0.created_date_time,
        a1_0.creator_id,
        a1_0.department_id,
        a1_0.email,
        a1_0.firstname,
        concat(a1_0.firstname,' ',a1_0.lastname) ,
        a1_0.last_change_password_date_time,
        a1_0.lastname,
        a1_0.modifier_id,
        a1_0.`password`,
        a1_0.`role`,
        a1_0.`status`,
        a1_0.updated_date_time,
        a1_0.username 
    from
        `Account` a1_0 
    where
        a1_0.username=? 
2024-10-15 13:59:23 [http-nio-8080-exec-2] DEBUG o.h.SQL                                            - 
    select
        t1_0.id,
        t1_0.account_id,
        t1_0.expired_date_time,
        t1_0.`key`,
        t1_0.`type` 
    from
        `token` t1_0 
    where
        t1_0.`type`=? 
        and t1_0.account_id=? 
2024-10-15 13:59:23 [http-nio-8080-exec-2] DEBUG o.h.SQL                                            - 
    insert 
    into
        `
        token` (
            account_id,expired_date_time,`key`,`type`
        ) 
    values
        (?,?,?,?) 
2024-10-15 13:59:59 [http-nio-8080-exec-3] DEBUG o.h.SQL                                            - 
    select
        t1_0.id,
        t1_0.account_id,
        t1_0.expired_date_time,
        t1_0.`key`,
        t1_0.`type` 
    from
        `token` t1_0 
    where
        t1_0.`key`=? 
        and t1_0.`type`=? 
2024-10-15 13:59:59 [http-nio-8080-exec-3] DEBUG o.h.SQL                                            - 
    select
        a1_0.id,
        a1_0.created_date_time,
        a1_0.creator_id,
        a1_0.department_id,
        a1_0.email,
        a1_0.firstname,
        concat(a1_0.firstname,' ',a1_0.lastname) ,
        a1_0.last_change_password_date_time,
        a1_0.lastname,
        a1_0.modifier_id,
        a1_0.`password`,
        a1_0.`role`,
        a1_0.`status`,
        a1_0.updated_date_time,
        a1_0.username 
    from
        `Account` a1_0 
    where
        a1_0.id=? 
2024-10-15 13:59:59 [http-nio-8080-exec-3] DEBUG o.h.SQL                                            - 
    select
        t1_0.id,
        t1_0.account_id,
        t1_0.expired_date_time,
        t1_0.`key`,
        t1_0.`type` 
    from
        `token` t1_0 
    where
        t1_0.`key`=? 
        and t1_0.`type`=? 
2024-10-15 13:59:59 [http-nio-8080-exec-3] DEBUG o.h.SQL                                            - 
    select
        t1_0.id,
        t1_0.account_id,
        t1_0.expired_date_time,
        t1_0.`key`,
        t1_0.`type` 
    from
        `token` t1_0 
    where
        t1_0.`type`=? 
        and t1_0.account_id=? 
2024-10-15 13:59:59 [http-nio-8080-exec-3] DEBUG o.h.SQL                                            - 
    update
        `Account` 
    set
        created_date_time=?,
        creator_id=?,
        department_id=?,
        email=?,
        firstname=?,
        last_change_password_date_time=?,
        lastname=?,
        modifier_id=?,
        `password`=?,
        `role`=?,
        `status`=?,
        updated_date_time=? 
    where
        id=? 
2024-10-15 13:59:59 [http-nio-8080-exec-3] DEBUG o.h.SQL                                            - 
    delete 
    from
        `token` 
    where
        id=? 
2024-10-15 13:59:59 [http-nio-8080-exec-4] ERROR c.c.c.e.AuthExceptionHandler                       - Full authentication is required to access this resource 
org.springframework.security.authentication.InsufficientAuthenticationException: Full authentication is required to access this resource
	at org.springframework.security.web.access.ExceptionTranslationFilter.handleAccessDeniedException(ExceptionTranslationFilter.java:199) [spring-security-web-6.1.4.jar:6.1.4]
	at org.springframework.security.web.access.ExceptionTranslationFilter.handleSpringSecurityException(ExceptionTranslationFilter.java:178) [spring-security-web-6.1.4.jar:6.1.4]
	at org.springframework.security.web.access.ExceptionTranslationFilter.doFilter(ExceptionTranslationFilter.java:147) [spring-security-web-6.1.4.jar:6.1.4]
	at org.springframework.security.web.access.ExceptionTranslationFilter.doFilter(ExceptionTranslationFilter.java:120) [spring-security-web-6.1.4.jar:6.1.4]
	at org.springframework.security.web.FilterChainProxy$VirtualFilterChain.doFilter(FilterChainProxy.java:374) [spring-security-web-6.1.4.jar:6.1.4]
	at org.springframework.security.web.authentication.AnonymousAuthenticationFilter.doFilter(AnonymousAuthenticationFilter.java:100) [spring-security-web-6.1.4.jar:6.1.4]
	at org.springframework.security.web.FilterChainProxy$VirtualFilterChain.doFilter(FilterChainProxy.java:374) [spring-security-web-6.1.4.jar:6.1.4]
	at org.springframework.security.web.servletapi.SecurityContextHolderAwareRequestFilter.doFilter(SecurityContextHolderAwareRequestFilter.java:179) [spring-security-web-6.1.4.jar:6.1.4]
	at org.springframework.security.web.FilterChainProxy$VirtualFilterChain.doFilter(FilterChainProxy.java:374) [spring-security-web-6.1.4.jar:6.1.4]
	at org.springframework.security.web.savedrequest.RequestCacheAwareFilter.doFilter(RequestCacheAwareFilter.java:63) [spring-security-web-6.1.4.jar:6.1.4]
	at org.springframework.security.web.FilterChainProxy$VirtualFilterChain.doFilter(FilterChainProxy.java:374) [spring-security-web-6.1.4.jar:6.1.4]
	at org.springframework.security.web.authentication.www.BasicAuthenticationFilter.doFilterInternal(BasicAuthenticationFilter.java:168) [spring-security-web-6.1.4.jar:6.1.4]
	at org.springframework.web.filter.OncePerRequestFilter.doFilter(OncePerRequestFilter.java:116) [spring-web-6.0.12.jar:6.0.12]
	at org.springframework.security.web.FilterChainProxy$VirtualFilterChain.doFilter(FilterChainProxy.java:374) [spring-security-web-6.1.4.jar:6.1.4]
	at com.company.config.security.JWTAuthorizationFilter.doFilter(JWTAuthorizationFilter.java:32) [classes/:?]
	at org.springframework.security.web.FilterChainProxy$VirtualFilterChain.doFilter(FilterChainProxy.java:374) [spring-security-web-6.1.4.jar:6.1.4]
	at org.springframework.security.web.authentication.logout.LogoutFilter.doFilter(LogoutFilter.java:107) [spring-security-web-6.1.4.jar:6.1.4]
	at org.springframework.security.web.authentication.logout.LogoutFilter.doFilter(LogoutFilter.java:93) [spring-security-web-6.1.4.jar:6.1.4]
	at org.springframework.security.web.FilterChainProxy$VirtualFilterChain.doFilter(FilterChainProxy.java:374) [spring-security-web-6.1.4.jar:6.1.4]
	at org.springframework.web.filter.CorsFilter.doFilterInternal(CorsFilter.java:91) [spring-web-6.0.12.jar:6.0.12]
	at org.springframework.web.filter.OncePerRequestFilter.doFilter(OncePerRequestFilter.java:116) [spring-web-6.0.12.jar:6.0.12]
	at org.springframework.security.web.FilterChainProxy$VirtualFilterChain.doFilter(FilterChainProxy.java:374) [spring-security-web-6.1.4.jar:6.1.4]
	at org.springframework.security.web.header.HeaderWriterFilter.doHeadersAfter(HeaderWriterFilter.java:90) [spring-security-web-6.1.4.jar:6.1.4]
	at org.springframework.security.web.header.HeaderWriterFilter.doFilterInternal(HeaderWriterFilter.java:75) [spring-security-web-6.1.4.jar:6.1.4]
	at org.springframework.web.filter.OncePerRequestFilter.doFilter(OncePerRequestFilter.java:116) [spring-web-6.0.12.jar:6.0.12]
	at org.springframework.security.web.FilterChainProxy$VirtualFilterChain.doFilter(FilterChainProxy.java:374) [spring-security-web-6.1.4.jar:6.1.4]
	at org.springframework.security.web.context.SecurityContextHolderFilter.doFilter(SecurityContextHolderFilter.java:82) [spring-security-web-6.1.4.jar:6.1.4]
	at org.springframework.security.web.context.SecurityContextHolderFilter.doFilter(SecurityContextHolderFilter.java:69) [spring-security-web-6.1.4.jar:6.1.4]
	at org.springframework.security.web.FilterChainProxy$VirtualFilterChain.doFilter(FilterChainProxy.java:374) [spring-security-web-6.1.4.jar:6.1.4]
	at org.springframework.security.web.context.request.async.WebAsyncManagerIntegrationFilter.doFilterInternal(WebAsyncManagerIntegrationFilter.java:62) [spring-security-web-6.1.4.jar:6.1.4]
	at org.springframework.web.filter.OncePerRequestFilter.doFilter(OncePerRequestFilter.java:116) [spring-web-6.0.12.jar:6.0.12]
	at org.springframework.security.web.FilterChainProxy$VirtualFilterChain.doFilter(FilterChainProxy.java:374) [spring-security-web-6.1.4.jar:6.1.4]
	at org.springframework.security.web.session.DisableEncodeUrlFilter.doFilterInternal(DisableEncodeUrlFilter.java:42) [spring-security-web-6.1.4.jar:6.1.4]
	at org.springframework.web.filter.OncePerRequestFilter.doFilter(OncePerRequestFilter.java:116) [spring-web-6.0.12.jar:6.0.12]
	at org.springframework.security.web.FilterChainProxy$VirtualFilterChain.doFilter(FilterChainProxy.java:374) [spring-security-web-6.1.4.jar:6.1.4]
	at org.springframework.security.web.FilterChainProxy.doFilterInternal(FilterChainProxy.java:233) [spring-security-web-6.1.4.jar:6.1.4]
	at org.springframework.security.web.FilterChainProxy.doFilter(FilterChainProxy.java:191) [spring-security-web-6.1.4.jar:6.1.4]
	at org.springframework.web.filter.DelegatingFilterProxy.invokeDelegate(DelegatingFilterProxy.java:352) [spring-web-6.0.12.jar:6.0.12]
	at org.springframework.web.filter.DelegatingFilterProxy.doFilter(DelegatingFilterProxy.java:268) [spring-web-6.0.12.jar:6.0.12]
	at org.apache.catalina.core.ApplicationFilterChain.internalDoFilter(ApplicationFilterChain.java:174) [tomcat-embed-core-10.1.13.jar:10.1.13]
	at org.apache.catalina.core.ApplicationFilterChain.doFilter(ApplicationFilterChain.java:149) [tomcat-embed-core-10.1.13.jar:10.1.13]
	at org.springframework.web.filter.RequestContextFilter.doFilterInternal(RequestContextFilter.java:100) [spring-web-6.0.12.jar:6.0.12]
	at org.springframework.web.filter.OncePerRequestFilter.doFilter(OncePerRequestFilter.java:116) [spring-web-6.0.12.jar:6.0.12]
	at org.apache.catalina.core.ApplicationFilterChain.internalDoFilter(ApplicationFilterChain.java:174) [tomcat-embed-core-10.1.13.jar:10.1.13]
	at org.apache.catalina.core.ApplicationFilterChain.doFilter(ApplicationFilterChain.java:149) [tomcat-embed-core-10.1.13.jar:10.1.13]
	at org.springframework.web.filter.FormContentFilter.doFilterInternal(FormContentFilter.java:93) [spring-web-6.0.12.jar:6.0.12]
	at org.springframework.web.filter.OncePerRequestFilter.doFilter(OncePerRequestFilter.java:116) [spring-web-6.0.12.jar:6.0.12]
	at org.apache.catalina.core.ApplicationFilterChain.internalDoFilter(ApplicationFilterChain.java:174) [tomcat-embed-core-10.1.13.jar:10.1.13]
	at org.apache.catalina.core.ApplicationFilterChain.doFilter(ApplicationFilterChain.java:149) [tomcat-embed-core-10.1.13.jar:10.1.13]
	at org.springframework.web.filter.CharacterEncodingFilter.doFilterInternal(CharacterEncodingFilter.java:201) [spring-web-6.0.12.jar:6.0.12]
	at org.springframework.web.filter.OncePerRequestFilter.doFilter(OncePerRequestFilter.java:116) [spring-web-6.0.12.jar:6.0.12]
	at org.apache.catalina.core.ApplicationFilterChain.internalDoFilter(ApplicationFilterChain.java:174) [tomcat-embed-core-10.1.13.jar:10.1.13]
	at org.apache.catalina.core.ApplicationFilterChain.doFilter(ApplicationFilterChain.java:149) [tomcat-embed-core-10.1.13.jar:10.1.13]
	at org.apache.catalina.core.StandardWrapperValve.invoke(StandardWrapperValve.java:167) [tomcat-embed-core-10.1.13.jar:10.1.13]
	at org.apache.catalina.core.StandardContextValve.invoke(StandardContextValve.java:90) [tomcat-embed-core-10.1.13.jar:10.1.13]
	at org.apache.catalina.authenticator.AuthenticatorBase.invoke(AuthenticatorBase.java:482) [tomcat-embed-core-10.1.13.jar:10.1.13]
	at org.apache.catalina.core.StandardHostValve.invoke(StandardHostValve.java:115) [tomcat-embed-core-10.1.13.jar:10.1.13]
	at org.apache.catalina.valves.ErrorReportValve.invoke(ErrorReportValve.java:93) [tomcat-embed-core-10.1.13.jar:10.1.13]
	at org.apache.catalina.core.StandardEngineValve.invoke(StandardEngineValve.java:74) [tomcat-embed-core-10.1.13.jar:10.1.13]
	at org.apache.catalina.connector.CoyoteAdapter.service(CoyoteAdapter.java:341) [tomcat-embed-core-10.1.13.jar:10.1.13]
	at org.apache.coyote.http11.Http11Processor.service(Http11Processor.java:391) [tomcat-embed-core-10.1.13.jar:10.1.13]
	at org.apache.coyote.AbstractProcessorLight.process(AbstractProcessorLight.java:63) [tomcat-embed-core-10.1.13.jar:10.1.13]
	at org.apache.coyote.AbstractProtocol$ConnectionHandler.process(AbstractProtocol.java:894) [tomcat-embed-core-10.1.13.jar:10.1.13]
	at org.apache.tomcat.util.net.NioEndpoint$SocketProcessor.doRun(NioEndpoint.java:1740) [tomcat-embed-core-10.1.13.jar:10.1.13]
	at org.apache.tomcat.util.net.SocketProcessorBase.run(SocketProcessorBase.java:52) [tomcat-embed-core-10.1.13.jar:10.1.13]
	at org.apache.tomcat.util.threads.ThreadPoolExecutor.runWorker(ThreadPoolExecutor.java:1191) [tomcat-embed-core-10.1.13.jar:10.1.13]
	at org.apache.tomcat.util.threads.ThreadPoolExecutor$Worker.run(ThreadPoolExecutor.java:659) [tomcat-embed-core-10.1.13.jar:10.1.13]
	at org.apache.tomcat.util.threads.TaskThread$WrappingRunnable.run(TaskThread.java:61) [tomcat-embed-core-10.1.13.jar:10.1.13]
	at java.lang.Thread.run(Thread.java:842) [?:?]
2024-10-15 14:00:25 [http-nio-8080-exec-6] DEBUG o.h.SQL                                            - 
    select
        a1_0.id,
        a1_0.created_date_time,
        a1_0.creator_id,
        a1_0.department_id,
        a1_0.email,
        a1_0.firstname,
        concat(a1_0.firstname,' ',a1_0.lastname) ,
        a1_0.last_change_password_date_time,
        a1_0.lastname,
        a1_0.modifier_id,
        a1_0.`password`,
        a1_0.`role`,
        a1_0.`status`,
        a1_0.updated_date_time,
        a1_0.username 
    from
        `Account` a1_0 
    where
        a1_0.username=? 
2024-10-15 14:00:25 [http-nio-8080-exec-6] DEBUG o.h.SQL                                            - 
    select
        a1_0.id,
        a1_0.created_date_time,
        a1_0.creator_id,
        a1_0.department_id,
        a1_0.email,
        a1_0.firstname,
        concat(a1_0.firstname,' ',a1_0.lastname) ,
        a1_0.last_change_password_date_time,
        a1_0.lastname,
        a1_0.modifier_id,
        a1_0.`password`,
        a1_0.`role`,
        a1_0.`status`,
        a1_0.updated_date_time,
        a1_0.username 
    from
        `Account` a1_0 
    where
        a1_0.username=? 
2024-10-15 14:00:25 [http-nio-8080-exec-6] DEBUG o.h.SQL                                            - 
    select
        t1_0.id,
        t1_0.account_id,
        t1_0.expired_date_time,
        t1_0.`key`,
        t1_0.`type` 
    from
        `token` t1_0 
    where
        t1_0.`type`=? 
        and t1_0.account_id=? 
2024-10-15 14:00:25 [http-nio-8080-exec-6] DEBUG o.h.SQL                                            - 
    insert 
    into
        `
        token` (
            account_id,expired_date_time,`key`,`type`
        ) 
    values
        (?,?,?,?) 
2024-10-15 14:11:23 [SpringApplicationShutdownHook] INFO  o.s.o.j.LocalContainerEntityManagerFactoryBean     - Closing JPA EntityManagerFactory for persistence unit 'default' 
2024-10-15 14:11:23 [SpringApplicationShutdownHook] INFO  c.z.h.HikariDataSource                             - HikariPool-1 - Shutdown initiated... 
2024-10-15 14:11:23 [SpringApplicationShutdownHook] INFO  c.z.h.HikariDataSource                             - HikariPool-1 - Shutdown completed. 
